22:21:45 - I'm fired up, just waiting on the server now.
22:22:49 - I'm fired up, just waiting on the server now.
22:25:34 - I'm fired up, just waiting on the server now.
22:27:18 - I'm fired up, just waiting on the server now.
22:28:04 - I'm fired up, just waiting on the server now.
22:28:17 - I'm fired up, just waiting on the server now.
22:30:04 - I'm fired up, just waiting on the server now.
22:31:06 - I'm fired up, just waiting on the server now.
22:31:32 - I'm fired up, just waiting on the server now.
22:32:04 - I'm fired up, just waiting on the server now.
22:32:16 - I'm fired up, just waiting on the server now.
22:33:33 - I'm fired up, just waiting on the server now.
22:33:34 - I don't have an account, registering for one...
22:33:34 - Config downloaded. Saving it...
22:33:34 - ...Done.
22:33:34 - I'm logged in; time to rock'n'roll!
22:33:37 - Report received that I don't really care about: Give a warm, explosive welcome to George Boole [AI], who has joined the Game!
22:33:37 - Event received that I don't really care about: SANTET's Lucky Strike missile hit ulysseslafur, causing 16 HP of damage.
22:33:37 - Event received that I don't really care about: SANTET's Lucky Strike missile hit ulysseslafur's SAM site, causing 100 HP of damage and destroying it.
22:33:37 - Event received that I don't really care about: shadow Four (Blitz.Com) upgraded missile slots.
22:33:41 - Event received that I don't really care about: shadow Four (Blitz.Com) upgraded missile slots.
22:33:51 - Event received that I don't really care about: SANTET's Lucky Strike missile hit ulysseslafur, causing 82 HP of damage.
22:33:53 - Event received that I don't really care about: USOEW peacekeeper# launched Texan missile.
22:33:53 - Event received that I don't really care about: Neopolitan [Aleph]'s SAM launched Felid at USOEW peacekeeper#'s Texan.
22:33:54 - Event received that I don't really care about: SANTET's Lucky Strike missile hit ulysseslafur, causing 33 HP of damage.
22:34:09 - Event received that I don't really care about: SANTET's Lucky Strike missile hit ulysseslafur, causing 37 HP of damage.
22:34:13 - Event received that I don't really care about: SANTET's Lucky Strike missile hit ulysseslafur, causing 32 HP of damage. ulysseslafur died.
22:34:13 - Event received that I don't really care about: ulysseslafur has gone AWOL.
22:34:16 - Event received that I don't really care about: Karnot's SAM launched Lupid at USOEW peacekeeper#'s Texan.
22:34:34 - Event received that I don't really care about: Oculum pro oculo's interceptor shot down Osama Bin Laden's missile.
22:34:45 - Event received that I don't really care about: USOEW peacekeeper# launched Super Erebus missile.
22:34:46 - Event received that I don't really care about: 🇫🇷BILL🇪🇺💥 's SAM launched Felid at USOEW peacekeeper#'s Super Erebus.
22:34:49 - Event received that I don't really care about: Karnot's SAM launched Lupid at USOEW peacekeeper#'s Texan.
22:34:56 - Event received that I don't really care about: Dreadnought launched an interceptor at USOEW peacekeeper#'s Super Erebus.
22:35:08 - Event received that I don't really care about: Dreadnought launched an interceptor at USOEW peacekeeper#'s Super Erebus.
22:35:11 - Event received that I don't really care about: Karnot's SAM launched Lupid at USOEW peacekeeper#'s Texan.
22:35:18 - Event received that I don't really care about: USOEW peacekeeper# launched Super Erebus missile.
22:35:28 - Event received that I don't really care about: DARK COUNTRY  sold their air defence system.
22:35:32 - Loaded local game config file successfully.
22:35:32 - I'm fired up, just waiting on the server now.
22:35:38 - I'm logged in; time to rock'n'roll!
22:35:41 - Event received that I don't really care about: Karnot's SAM launched Lupid at USOEW peacekeeper#'s Texan.
22:35:41 - I seem to be dead. Respawning.
22:35:41 - Event received that I don't really care about: George Boole [AI] respawned.
22:35:43 - Event received that I don't really care about: Neopolitan [Aleph]'s interceptor shot down USOEW peacekeeper#'s missile.
22:35:43 - Event received that I don't really care about: 🇫🇷BILL🇪🇺💥 's interceptor lost its target.
22:35:44 - Event received that I don't really care about: Karnot's interceptor lost its target.
22:35:47 - Event received that I don't really care about: Jax acquired a missile system.
22:35:51 - Event received that I don't really care about: Jax upgraded missile system reload time.
22:35:53 - Event received that I don't really care about: DARK COUNTRY  acquired interceptors.
22:35:54 - Event received that I don't really care about: Jax upgraded missile system reload time.
22:36:04 - I'm logged in; time to rock'n'roll!
22:38:01 - Loaded local game config file successfully.
22:38:01 - I'm fired up, just waiting on the server now.
22:38:02 - I'm logged in; time to rock'n'roll!
22:38:16 - Loaded local game config file successfully.
22:38:16 - I'm fired up, just waiting on the server now.
22:38:16 - I'm logged in; time to rock'n'roll!
22:38:20 - Event received that I don't really care about: Karnot's interceptor missed USOEW peacekeeper#'s missile.
22:38:21 - Event received that I don't really care about: Neopolitan [Aleph]'s interceptor missed USOEW peacekeeper#'s missile.
22:38:21 - Event received that I don't really care about: Karnot's SAM launched Lupid at USOEW peacekeeper#'s Texan.
22:38:21 - Event received that I don't really care about: Karnot's SAM launched Lupid at USOEW peacekeeper#'s Texan.
22:38:42 - Loaded local game config file successfully.
22:38:42 - I'm fired up, just waiting on the server now.
22:38:43 - I'm logged in; time to rock'n'roll!
22:38:50 - Event received that I don't really care about: Karnot's interceptor shot down USOEW peacekeeper#'s missile.
22:38:51 - Event received that I don't really care about: Neopolitan [Aleph]'s interceptor lost its target.
22:38:53 - Event received that I don't really care about: seedfinal constructed a sentry gun.
22:39:03 - Event received that I don't really care about: AdmiralCrackbar constructed a sentry gun.
22:39:14 - Event received that I don't really care about: Neopolitan [Aleph]'s interceptor missed USOEW peacekeeper#'s missile.
22:39:15 - Event received that I don't really care about: Neopolitan [Aleph]'s SAM launched Lupid at USOEW peacekeeper#'s Texan.
22:39:23 - Event received that I don't really care about: 🇫🇷BILL🇪🇺💥 's interceptor missed USOEW peacekeeper#'s missile.
22:39:27 - Event received that I don't really care about: USOEW peacekeeper# was kicked out of U.M.C.(Unified Missile Command) .
22:40:10 - Event received that I don't really care about: Neopolitan [Aleph]'s interceptor shot down USOEW peacekeeper#'s missile.
22:40:11 - Event received that I don't really care about: Karnot's interceptor lost its target.
