20:08:09 - I'm fired up, just waiting on the server now.
20:10:47 - I'm fired up, just waiting on the server now.
20:11:35 - I'm fired up, just waiting on the server now.
20:17:57 - I'm fired up, just waiting on the server now.
20:18:23 - I'm fired up, just waiting on the server now.
20:18:35 - I'm fired up, just waiting on the server now.
20:18:53 - I'm fired up, just waiting on the server now.
20:25:40 - I'm fired up, just waiting on the server now.
20:25:41 - Config downloaded. Saving it...
20:25:41 - ...Done.
20:25:41 - I'm logged in; time to rock'n'roll!
20:29:01 - Loaded local game config file successfully.
20:29:01 - I'm fired up, just waiting on the server now.
20:29:01 - I don't have an account, registering for one...
20:29:01 - I'm logged in; time to rock'n'roll!
20:29:33 - Loaded local game config file successfully.
20:29:33 - I'm fired up, just waiting on the server now.
20:29:43 - I don't have an account, registering for one...
20:29:43 - I'm logged in; time to rock'n'roll!
20:29:55 - Loaded local game config file successfully.
20:29:55 - I'm fired up, just waiting on the server now.
20:29:55 - I'm logged in; time to rock'n'roll!
20:30:55 - Loaded local game config file successfully.
20:30:55 - I'm fired up, just waiting on the server now.
20:30:56 - I don't have an account, registering for one...
20:30:56 - Config downloaded. Saving it...
20:30:56 - ...Done.
20:30:56 - I'm logged in; time to rock'n'roll!
20:33:54 - Loaded local game config file successfully.
20:33:54 - I'm fired up, just waiting on the server now.
20:33:54 - I'm logged in; time to rock'n'roll!
20:42:41 - Loaded local game config file successfully.
20:42:41 - I'm fired up, just waiting on the server now.
20:42:41 - I'm logged in; time to rock'n'roll!
20:42:44 - I seem to be dead. Respawning.
20:43:51 - Loaded local game config file successfully.
20:43:51 - I'm fired up, just waiting on the server now.
20:43:52 - I'm logged in; time to rock'n'roll!
20:44:34 - Loaded local game config file successfully.
20:44:34 - I'm fired up, just waiting on the server now.
20:44:34 - I'm logged in; time to rock'n'roll!
20:45:00 - Loaded local game config file successfully.
20:45:00 - I'm fired up, just waiting on the server now.
20:45:00 - I'm logged in; time to rock'n'roll!
