220416 - I'm fired up, just waiting on the server now.
220416 - I don't have an account, registering for one...
220417 - Config downloaded. Saving it...
220417 - ...Done.
220417 - I'm logged in; time to rock'n'roll!
220419 - Report received that I don't really care about: Give a warm, explosive welcome to George Boole [AI], who has joined the Game!
220420 - I seem to be dead. Respawning.
220420 - Event received that I don't really care about: George Boole [AI] respawned.
220421 - Event received that I don't really care about: ✪ General ProYT ✪ launched Lucky Strike missile.
220422 - Event received that I don't really care about: Satan upgraded SAM site slots.
220426 - Event received that I don't really care about: Satan acquired interceptors.
220433 - Event received that I don't really care about: ✪ General ProYT ✪ launched Lucky Strike missile.
220436 - Event received that I don't really care about: Satan upgraded missile site slots.
220440 - Event received that I don't really care about: Satan acquired missiles.
220442 - Event received that I don't really care about: Satan upgraded missile site slots.
220445 - Event received that I don't really care about: Satan acquired missiles.
220446 - Event received that I don't really care about: ✪ General ProYT ✪ launched Lucky Strike missile.
220452 - Event received that I don't really care about: ✪ General ProYT ✪ launched Lucky Strike missile.
220452 - Event received that I don't really care about: Satan acquired missiles.
220505 - Event received that I don't really care about: ✪ General ProYT ✪ launched Lucky Strike missile.
220510 - Event received that I don't really care about: ✪ General ProYT ✪ launched Lucky Strike missile.
220521 - Event received that I don't really care about: Riki & kitty acquired missiles.
220522 - Event received that I don't really care about: ✪ General ProYT ✪ launched Lucky Strike missile.
220528 - Event received that I don't really care about: ✪ General ProYT ✪ launched Lucky Strike missile.
220534 - Event received that I don't really care about: Riki & kitty launched Tartarus missile.
220540 - Event received that I don't really care about: ✪ General ProYT ✪ launched Lucky Strike missile.
220548 - Event received that I don't really care about: ✪ General ProYT ✪ launched Lucky Strike missile.
220606 - Event received that I don't really care about: ✪ General ProYT ✪ launched Lucky Strike missile.
220611 - Event received that I don't really care about: ✪ General ProYT ✪ launched Lucky Strike missile.
220624 - Event received that I don't really care about: ✪ General ProYT ✪ launched Lucky Strike missile.
